<?xml version="1.0" encoding="UTF-8"?>
<!-- Generated by org.testng.reporters.JUnitReportReporter -->
<testsuite skipped="0" hostname="LAPTOP-DV9TC7J2" name="Register.UnsuccesfulLoginTest" tests="1" failures="0" timestamp="19 Oct 2019 04:18:00 GMT" time="10.941" errors="0">
  <testcase name="verifyFailLogin" time="10.941" classname="Register.UnsuccesfulLoginTest"/>
</testsuite> <!-- Register.UnsuccesfulLoginTest -->
