<?xml version="1.0" encoding="UTF-8"?>
<!-- Generated by org.testng.reporters.JUnitReportReporter -->
<testsuite skipped="0" hostname="LAPTOP-DV9TC7J2" name="wayToautomation.HandilingMulltipleWindows" tests="1" failures="0" timestamp="09 Nov 2019 04:25:05 GMT" time="15.442" errors="0">
  <testcase name="verifyBUyNowButton" time="15.442" classname="wayToautomation.HandilingMulltipleWindows"/>
</testsuite> <!-- wayToautomation.HandilingMulltipleWindows -->
