<?xml version="1.0" encoding="UTF-8"?>
<!-- Generated by org.testng.reporters.JUnitReportReporter -->
<testsuite skipped="0" hostname="LAPTOP-DV9TC7J2" name="Register.SuccessfulRegistrationTest" tests="1" failures="0" timestamp="09 Oct 2019 01:41:40 GMT" time="11.696" errors="0">
  <testcase name="VerifyRegistration" time="11.696" classname="Register.SuccessfulRegistrationTest"/>
</testsuite> <!-- Register.SuccessfulRegistrationTest -->
