<?xml version="1.0" encoding="UTF-8"?>
<!-- Generated by org.testng.reporters.JUnitReportReporter -->
<testsuite skipped="0" hostname="LAPTOP-DV9TC7J2" name="Register.SuccessfulLoginTest" tests="1" failures="0" timestamp="19 Oct 2019 04:41:15 GMT" time="30.060" errors="0">
  <testcase name="VerifyLoginpage" time="30.060" classname="Register.SuccessfulLoginTest"/>
</testsuite> <!-- Register.SuccessfulLoginTest -->
